<?xml version="1.0" encoding="UTF-8"?>
<!-- Generated by org.testng.reporters.JUnitXMLReporter -->
<testsuite ignored="0" hostname="SUFIYANSIDEAPAD" failures="0" tests="6" name="Default test" time="65.14" errors="0" timestamp="2025-05-09T14:41:50 IST">
  <testcase classname="Test_Aliexpress.Test" name="Registration_test" time="1.925"/>
  <testcase classname="Test_Aliexpress.Test" name="productpage" time="4.129"/>
  <testcase classname="Test_Aliexpress.Test" name="product2" time="7.333"/>
  <testcase classname="Test_Aliexpress.Test" name="shippingdetails" time="5.195"/>
  <testcase classname="Test_Aliexpress.Test" name="cartpage" time="7.729"/>
  <testcase classname="Test_Aliexpress.Test" name="sellerregisteration" time="9.315"/>
</testsuite> <!-- Default test -->
