<?xml version="1.0" encoding="UTF-8"?>
<!-- Generated by org.testng.reporters.JUnitXMLReporter -->
<testsuite ignored="0" hostname="SUFIYANSIDEAPAD" failures="0" tests="6" name="Default test" time="43.698" errors="0" timestamp="2025-05-06T19:07:10 IST">
  <testcase classname="Test_Aliexpress.Test" name="Registration_test" time="0.878"/>
  <testcase classname="Test_Aliexpress.Test" name="productpage" time="4.832"/>
  <testcase classname="Test_Aliexpress.Test" name="product2" time="5.518"/>
  <testcase classname="Test_Aliexpress.Test" name="shippingdetails" time="3.96"/>
  <testcase classname="Test_Aliexpress.Test" name="cartpage" time="4.154"/>
  <testcase classname="Test_Aliexpress.Test" name="sellerregisteration" time="3.64"/>
</testsuite> <!-- Default test -->
