<?xml version="1.0" encoding="UTF-8"?>
<testng-results ignored="0" total="6" passed="6" failed="0" skipped="0">
  <reporter-output>
  </reporter-output>
  <suite started-at="2025-05-06T19:06:26 IST" name="Default suite" finished-at="2025-05-06T19:07:10 IST" duration-ms="43698">
    <groups>
    </groups>
    <test started-at="2025-05-06T19:06:26 IST" name="Default test" finished-at="2025-05-06T19:07:10 IST" duration-ms="43698">
      <class name="Test_Aliexpress.Test">
        <test-method is-config="true" signature="setup()[pri:0, instance:Test_Aliexpress.Test@2362f559]" started-at="2025-05-06T19:06:26 IST" name="setup" finished-at="2025-05-06T19:06:27 IST" duration-ms="1214" status="PASS">
          <reporter-output>
          </reporter-output>
        </test-method> <!-- setup -->
        <test-method is-config="true" signature="url()[pri:0, instance:Test_Aliexpress.Test@2362f559]" started-at="2025-05-06T19:06:27 IST" name="url" finished-at="2025-05-06T19:06:38 IST" duration-ms="10364" status="PASS">
          <reporter-output>
          </reporter-output>
        </test-method> <!-- url -->
        <test-method signature="Registration_test()[pri:0, instance:Test_Aliexpress.Test@2362f559]" started-at="2025-05-06T19:06:38 IST" name="Registration_test" finished-at="2025-05-06T19:06:39 IST" duration-ms="878" status="PASS">
          <reporter-output>
          </reporter-output>
        </test-method> <!-- Registration_test -->
        <test-method is-config="true" signature="url()[pri:0, instance:Test_Aliexpress.Test@2362f559]" started-at="2025-05-06T19:06:39 IST" name="url" finished-at="2025-05-06T19:06:43 IST" duration-ms="3853" status="PASS">
          <reporter-output>
          </reporter-output>
        </test-method> <!-- url -->
        <test-method signature="productpage()[pri:1, instance:Test_Aliexpress.Test@2362f559]" started-at="2025-05-06T19:06:43 IST" name="productpage" finished-at="2025-05-06T19:06:47 IST" duration-ms="4832" status="PASS">
          <reporter-output>
          </reporter-output>
        </test-method> <!-- productpage -->
        <test-method is-config="true" signature="url()[pri:0, instance:Test_Aliexpress.Test@2362f559]" started-at="2025-05-06T19:06:47 IST" name="url" finished-at="2025-05-06T19:06:49 IST" duration-ms="1298" status="PASS">
          <reporter-output>
          </reporter-output>
        </test-method> <!-- url -->
        <test-method signature="product2()[pri:2, instance:Test_Aliexpress.Test@2362f559]" started-at="2025-05-06T19:06:49 IST" name="product2" finished-at="2025-05-06T19:06:54 IST" duration-ms="5518" status="PASS">
          <reporter-output>
          </reporter-output>
        </test-method> <!-- product2 -->
        <test-method is-config="true" signature="url()[pri:0, instance:Test_Aliexpress.Test@2362f559]" started-at="2025-05-06T19:06:54 IST" name="url" finished-at="2025-05-06T19:06:55 IST" duration-ms="1002" status="PASS">
          <reporter-output>
          </reporter-output>
        </test-method> <!-- url -->
        <test-method signature="shippingdetails()[pri:3, instance:Test_Aliexpress.Test@2362f559]" started-at="2025-05-06T19:06:55 IST" name="shippingdetails" finished-at="2025-05-06T19:06:59 IST" duration-ms="3960" status="PASS">
          <reporter-output>
          </reporter-output>
        </test-method> <!-- shippingdetails -->
        <test-method is-config="true" signature="url()[pri:0, instance:Test_Aliexpress.Test@2362f559]" started-at="2025-05-06T19:06:59 IST" name="url" finished-at="2025-05-06T19:07:01 IST" duration-ms="1482" status="PASS">
          <reporter-output>
          </reporter-output>
        </test-method> <!-- url -->
        <test-method signature="cartpage()[pri:4, instance:Test_Aliexpress.Test@2362f559]" started-at="2025-05-06T19:07:01 IST" name="cartpage" finished-at="2025-05-06T19:07:05 IST" duration-ms="4154" status="PASS">
          <reporter-output>
          </reporter-output>
        </test-method> <!-- cartpage -->
        <test-method is-config="true" signature="url()[pri:0, instance:Test_Aliexpress.Test@2362f559]" started-at="2025-05-06T19:07:05 IST" name="url" finished-at="2025-05-06T19:07:06 IST" duration-ms="1461" status="PASS">
          <reporter-output>
          </reporter-output>
        </test-method> <!-- url -->
        <test-method signature="sellerregisteration()[pri:5, instance:Test_Aliexpress.Test@2362f559]" started-at="2025-05-06T19:07:06 IST" name="sellerregisteration" finished-at="2025-05-06T19:07:10 IST" duration-ms="3640" status="PASS">
          <reporter-output>
          </reporter-output>
        </test-method> <!-- sellerregisteration -->
      </class> <!-- Test_Aliexpress.Test -->
    </test> <!-- Default test -->
  </suite> <!-- Default suite -->
</testng-results>
