<?xml version="1.0" encoding="UTF-8"?>
<testng-results ignored="0" total="6" passed="6" failed="0" skipped="0">
  <reporter-output>
  </reporter-output>
  <suite started-at="2025-05-09T14:40:45 IST" name="Default suite" finished-at="2025-05-09T14:41:50 IST" duration-ms="65140">
    <groups>
    </groups>
    <test started-at="2025-05-09T14:40:45 IST" name="Default test" finished-at="2025-05-09T14:41:50 IST" duration-ms="65140">
      <class name="Test_Aliexpress.Test">
        <test-method is-config="true" signature="setup()[pri:0, instance:Test_Aliexpress.Test@2362f559]" started-at="2025-05-09T14:40:45 IST" name="setup" finished-at="2025-05-09T14:40:47 IST" duration-ms="2204" status="PASS">
          <reporter-output>
          </reporter-output>
        </test-method> <!-- setup -->
        <test-method is-config="true" signature="url()[pri:0, instance:Test_Aliexpress.Test@2362f559]" started-at="2025-05-09T14:40:47 IST" name="url" finished-at="2025-05-09T14:40:55 IST" duration-ms="7987" status="PASS">
          <reporter-output>
          </reporter-output>
        </test-method> <!-- url -->
        <test-method signature="Registration_test()[pri:0, instance:Test_Aliexpress.Test@2362f559]" started-at="2025-05-09T14:40:55 IST" name="Registration_test" finished-at="2025-05-09T14:40:57 IST" duration-ms="1925" status="PASS">
          <reporter-output>
          </reporter-output>
        </test-method> <!-- Registration_test -->
        <test-method is-config="true" signature="url()[pri:0, instance:Test_Aliexpress.Test@2362f559]" started-at="2025-05-09T14:40:57 IST" name="url" finished-at="2025-05-09T14:41:00 IST" duration-ms="3488" status="PASS">
          <reporter-output>
          </reporter-output>
        </test-method> <!-- url -->
        <test-method signature="productpage()[pri:1, instance:Test_Aliexpress.Test@2362f559]" started-at="2025-05-09T14:41:00 IST" name="productpage" finished-at="2025-05-09T14:41:04 IST" duration-ms="4129" status="PASS">
          <reporter-output>
          </reporter-output>
        </test-method> <!-- productpage -->
        <test-method is-config="true" signature="url()[pri:0, instance:Test_Aliexpress.Test@2362f559]" started-at="2025-05-09T14:41:04 IST" name="url" finished-at="2025-05-09T14:41:07 IST" duration-ms="2199" status="PASS">
          <reporter-output>
          </reporter-output>
        </test-method> <!-- url -->
        <test-method signature="product2()[pri:2, instance:Test_Aliexpress.Test@2362f559]" started-at="2025-05-09T14:41:07 IST" name="product2" finished-at="2025-05-09T14:41:14 IST" duration-ms="7333" status="PASS">
          <reporter-output>
          </reporter-output>
        </test-method> <!-- product2 -->
        <test-method is-config="true" signature="url()[pri:0, instance:Test_Aliexpress.Test@2362f559]" started-at="2025-05-09T14:41:14 IST" name="url" finished-at="2025-05-09T14:41:16 IST" duration-ms="1805" status="PASS">
          <reporter-output>
          </reporter-output>
        </test-method> <!-- url -->
        <test-method signature="shippingdetails()[pri:3, instance:Test_Aliexpress.Test@2362f559]" started-at="2025-05-09T14:41:16 IST" name="shippingdetails" finished-at="2025-05-09T14:41:21 IST" duration-ms="5195" status="PASS">
          <reporter-output>
          </reporter-output>
        </test-method> <!-- shippingdetails -->
        <test-method is-config="true" signature="url()[pri:0, instance:Test_Aliexpress.Test@2362f559]" started-at="2025-05-09T14:41:21 IST" name="url" finished-at="2025-05-09T14:41:25 IST" duration-ms="4130" status="PASS">
          <reporter-output>
          </reporter-output>
        </test-method> <!-- url -->
        <test-method signature="cartpage()[pri:4, instance:Test_Aliexpress.Test@2362f559]" started-at="2025-05-09T14:41:25 IST" name="cartpage" finished-at="2025-05-09T14:41:33 IST" duration-ms="7729" status="PASS">
          <reporter-output>
          </reporter-output>
        </test-method> <!-- cartpage -->
        <test-method is-config="true" signature="url()[pri:0, instance:Test_Aliexpress.Test@2362f559]" started-at="2025-05-09T14:41:33 IST" name="url" finished-at="2025-05-09T14:41:40 IST" duration-ms="7618" status="PASS">
          <reporter-output>
          </reporter-output>
        </test-method> <!-- url -->
        <test-method signature="sellerregisteration()[pri:5, instance:Test_Aliexpress.Test@2362f559]" started-at="2025-05-09T14:41:40 IST" name="sellerregisteration" finished-at="2025-05-09T14:41:50 IST" duration-ms="9315" status="PASS">
          <reporter-output>
          </reporter-output>
        </test-method> <!-- sellerregisteration -->
      </class> <!-- Test_Aliexpress.Test -->
    </test> <!-- Default test -->
  </suite> <!-- Default suite -->
</testng-results>
